p/Neg1320.jpg 1 0 0 295 695
p/Neg1180.jpg 1 0 0 295 695
p/Neg1190.jpg 1 0 0 295 695
p/Neg1200.jpg 1 0 0 295 695
p/Neg1210.jpg 1 0 0 295 695
p/Neg1220.jpg 1 0 0 295 695
p/Neg1230.jpg 1 0 0 295 695
p/Neg1240.jpg 1 0 0 295 695
p/Neg1250.jpg 1 0 0 295 695
p/Neg1260.jpg 1 0 0 295 695
p/Neg1270.jpg 1 0 0 295 695
p/Neg1280.jpg 1 0 0 295 695
p/Neg1290.jpg 1 0 0 295 695
p/Neg1300.jpg 1 0 0 295 695
p/Neg1310.jpg 1 0 0 295 695
p/Neg1050.jpg 1 0 0 295 695
p/Neg1060.jpg 1 0 0 295 695
p/Neg1070.jpg 1 0 0 295 695
p/Neg1080.jpg 1 0 0 295 695
p/Neg1090.jpg 1 0 0 295 695
p/Neg1100.jpg 1 0 0 295 695
p/Neg1110.jpg 1 0 0 295 695
p/Neg1120.jpg 1 0 0 295 695
p/Neg1130.jpg 1 0 0 295 695
p/Neg1140.jpg 1 0 0 295 695
p/Neg1150.jpg 1 0 0 295 695
p/Neg1160.jpg 1 0 0 295 695
p/Neg1170.jpg 1 0 0 295 695
p/Neg1000.jpg 1 0 0 295 695
p/Neg1010.jpg 1 0 0 295 695
p/Neg1020.jpg 1 0 0 295 695
p/Neg1030.jpg 1 0 0 295 695
p/Neg1040.jpg 1 0 0 295 695
p/Neg940.jpg 1 0 0 295 695
p/Neg950.jpg 1 0 0 295 695
p/Neg960.jpg 1 0 0 295 695
p/Neg970.jpg 1 0 0 295 695
p/Neg980.jpg 1 0 0 295 695
p/Neg990.jpg 1 0 0 295 695
p/Neg820.jpg 1 0 0 295 695
p/Neg830.jpg 1 0 0 295 695
p/Neg840.jpg 1 0 0 295 695
p/Neg850.jpg 1 0 0 295 695
p/Neg860.jpg 1 0 0 295 695
p/Neg870.jpg 1 0 0 295 695
p/Neg880.jpg 1 0 0 295 695
p/Neg890.jpg 1 0 0 295 695
p/Neg900.jpg 1 0 0 295 695
p/Neg910.jpg 1 0 0 295 695
p/Neg920.jpg 1 0 0 295 695
p/Neg930.jpg 1 0 0 295 695
p/Neg720.jpg 1 0 0 295 695
p/Neg730.jpg 1 0 0 295 695
p/Neg740.jpg 1 0 0 295 695
p/Neg750.jpg 1 0 0 295 695
p/Neg760.jpg 1 0 0 295 695
p/Neg770.jpg 1 0 0 295 695
p/Neg780.jpg 1 0 0 295 695
p/Neg790.jpg 1 0 0 295 695
p/Neg800.jpg 1 0 0 295 695
p/Neg810.jpg 1 0 0 295 695
p/Neg610.jpg 1 0 0 295 695
p/Neg620.jpg 1 0 0 295 695
p/Neg630.jpg 1 0 0 295 695
p/Neg640.jpg 1 0 0 295 695
p/Neg650.jpg 1 0 0 295 695
p/Neg660.jpg 1 0 0 295 695
p/Neg670.jpg 1 0 0 295 695
p/Neg680.jpg 1 0 0 295 695
p/Neg690.jpg 1 0 0 295 695
p/Neg700.jpg 1 0 0 295 695
p/Neg710.jpg 1 0 0 295 695
p/Neg470.jpg 1 0 0 295 695
p/Neg480.jpg 1 0 0 295 695
p/Neg490.jpg 1 0 0 295 695
p/Neg500.jpg 1 0 0 295 695
p/Neg510.jpg 1 0 0 295 695
p/Neg520.jpg 1 0 0 295 695
p/Neg530.jpg 1 0 0 295 695
p/Neg540.jpg 1 0 0 295 695
p/Neg550.jpg 1 0 0 295 695
p/Neg560.jpg 1 0 0 295 695
p/Neg570.jpg 1 0 0 295 695
p/Neg580.jpg 1 0 0 295 695
p/Neg590.jpg 1 0 0 295 695
p/Neg600.jpg 1 0 0 295 695
p/Neg320.jpg 1 0 0 295 695
p/Neg330.jpg 1 0 0 295 695
p/Neg340.jpg 1 0 0 295 695
p/Neg350.jpg 1 0 0 295 695
p/Neg360.jpg 1 0 0 295 695
p/Neg370.jpg 1 0 0 295 695
p/Neg380.jpg 1 0 0 295 695
p/Neg390.jpg 1 0 0 295 695
p/Neg400.jpg 1 0 0 295 695
p/Neg410.jpg 1 0 0 295 695
p/Neg420.jpg 1 0 0 295 695
p/Neg430.jpg 1 0 0 295 695
p/Neg440.jpg 1 0 0 295 695
p/Neg450.jpg 1 0 0 295 695
p/Neg460.jpg 1 0 0 295 695
p/Neg190.jpg 1 0 0 295 695
p/Neg200.jpg 1 0 0 295 695
p/Neg210.jpg 1 0 0 295 695
p/Neg220.jpg 1 0 0 295 695
p/Neg230.jpg 1 0 0 295 695
p/Neg240.jpg 1 0 0 295 695
p/Neg250.jpg 1 0 0 295 695
p/Neg260.jpg 1 0 0 295 695
p/Neg270.jpg 1 0 0 295 695
p/Neg280.jpg 1 0 0 295 695
p/Neg290.jpg 1 0 0 295 695
p/Neg300.jpg 1 0 0 295 695
p/Neg310.jpg 1 0 0 295 695
p/Neg100.jpg 1 0 0 295 695
p/Neg110.jpg 1 0 0 295 695
p/Neg120.jpg 1 0 0 295 695
p/Neg130.jpg 1 0 0 295 695
p/Neg140.jpg 1 0 0 295 695
p/Neg150.jpg 1 0 0 295 695
p/Neg160.jpg 1 0 0 295 695
p/Neg170.jpg 1 0 0 295 695
p/Neg180.jpg 1 0 0 295 695
p/Neg50.jpg 1 0 0 295 695
p/Neg60.jpg 1 0 0 295 695
p/Neg70.jpg 1 0 0 295 695
p/Neg80.jpg 1 0 0 295 695
p/Neg90.jpg 1 0 0 295 695
p/Neg0.jpg 1 0 0 295 695
p/Neg10.jpg 1 0 0 295 695
p/Neg20.jpg 1 0 0 295 695
p/Neg30.jpg 1 0 0 295 695
p/Neg40.jpg 1 0 0 295 695